# JRE version: OpenJDK Runtime Environment (8.0_242-b01) (build 1.8.0_242-release-1644-b01)
# Java VM: OpenJDK 64-Bit Server VM (25.242-b01 mixed mode windows-amd64 compressed oops)
Heap:
 PSYoungGen      total 278528K, used 32075K [0x00000000d5580000, 0x00000000eb080000, 0x0000000100000000)
  eden space 256512K, 3% used [0x00000000d5580000,0x00000000d5f577e0,0x00000000e5000000)
  from space 22016K, 99% used [0x00000000e7680000,0x00000000e8bfb6e8,0x00000000e8c00000)
  to   space 39424K, 0% used [0x00000000e5000000,0x00000000e5000000,0x00000000e7680000)
 ParOldGen       total 116224K, used 70268K [0x0000000080000000, 0x0000000087180000, 0x00000000d5580000)
  object space 116224K, 60% used [0x0000000080000000,0x000000008449f258,0x0000000087180000)
 Metaspace       used 75131K, capacity 78436K, committed 78616K, reserved 1116160K
  class space    used 10386K, capacity 11003K, committed 11056K, reserved 1048576K
GC Heap History (10 events):
Event: 6.717 GC heap before
{Heap before GC invocations=13 (full 2):
 PSYoungGen      total 178176K, used 178096K [0x00000000d5580000, 0x00000000e1500000, 0x0000000100000000)
  eden space 169984K, 100% used [0x00000000d5580000,0x00000000dfb80000,0x00000000dfb80000)
  from space 8192K, 99% used [0x00000000e0d00000,0x00000000e14ec0a0,0x00000000e1500000)
  to   space 12800K, 0% used [0x00000000dfc00000,0x00000000dfc00000,0x00000000e0880000)
 ParOldGen       total 77312K, used 18089K [0x0000000080000000, 0x0000000084b80000, 0x00000000d5580000)
  object space 77312K, 23% used [0x0000000080000000,0x00000000811aa580,0x0000000084b80000)
 Metaspace       used 53601K, capacity 55564K, committed 55720K, reserved 1097728K
  class space    used 7134K, capacity 7588K, committed 7600K, reserved 1048576K
Event: 6.742 GC heap after
Heap after GC invocations=13 (full 2):
 PSYoungGen      total 183296K, used 12781K [0x00000000d5580000, 0x00000000e5280000, 0x0000000100000000)
  eden space 170496K, 0% used [0x00000000d5580000,0x00000000d5580000,0x00000000dfc00000)
  from space 12800K, 99% used [0x00000000dfc00000,0x00000000e087b708,0x00000000e0880000)
  to   space 18944K, 0% used [0x00000000e4000000,0x00000000e4000000,0x00000000e5280000)
 ParOldGen       total 77312K, used 30713K [0x0000000080000000, 0x0000000084b80000, 0x00000000d5580000)
  object space 77312K, 39% used [0x0000000080000000,0x0000000081dfe588,0x0000000084b80000)
 Metaspace       used 53601K, capacity 55564K, committed 55720K, reserved 1097728K
  class space    used 7134K, capacity 7588K, committed 7600K, reserved 1048576K
}
Event: 7.229 GC heap before
{Heap before GC invocations=14 (full 2):
 PSYoungGen      total 183296K, used 48448K [0x00000000d5580000, 0x00000000e5280000, 0x0000000100000000)
  eden space 170496K, 20% used [0x00000000d5580000,0x00000000d7854950,0x00000000dfc00000)
  from space 12800K, 99% used [0x00000000dfc00000,0x00000000e087b708,0x00000000e0880000)
  to   space 18944K, 0% used [0x00000000e4000000,0x00000000e4000000,0x00000000e5280000)
 ParOldGen       total 77312K, used 30713K [0x0000000080000000, 0x0000000084b80000, 0x00000000d5580000)
  object space 77312K, 39% used [0x0000000080000000,0x0000000081dfe588,0x0000000084b80000)
 Metaspace       used 56935K, capacity 59084K, committed 59160K, reserved 1099776K
  class space    used 7712K, capacity 8181K, committed 8240K, reserved 1048576K
Event: 7.242 GC heap after
Heap after GC invocations=14 (full 2):
 PSYoungGen      total 240128K, used 4134K [0x00000000d5580000, 0x00000000e5300000, 0x0000000100000000)
  eden space 221184K, 0% used [0x00000000d5580000,0x00000000d5580000,0x00000000e2d80000)
  from space 18944K, 21% used [0x00000000e4000000,0x00000000e4409980,0x00000000e5280000)
  to   space 18944K, 0% used [0x00000000e2d80000,0x00000000e2d80000,0x00000000e4000000)
 ParOldGen       total 77312K, used 41483K [0x0000000080000000, 0x0000000084b80000, 0x00000000d5580000)
  object space 77312K, 53% used [0x0000000080000000,0x0000000082882e70,0x0000000084b80000)
 Metaspace       used 56935K, capacity 59084K, committed 59160K, reserved 1099776K
  class space    used 7712K, capacity 8181K, committed 8240K, reserved 1048576K
}
Event: 7.242 GC heap before
{Heap before GC invocations=15 (full 3):
 PSYoungGen      total 240128K, used 4134K [0x00000000d5580000, 0x00000000e5300000, 0x0000000100000000)
  eden space 221184K, 0% used [0x00000000d5580000,0x00000000d5580000,0x00000000e2d80000)
  from space 18944K, 21% used [0x00000000e4000000,0x00000000e4409980,0x00000000e5280000)
  to   space 18944K, 0% used [0x00000000e2d80000,0x00000000e2d80000,0x00000000e4000000)
 ParOldGen       total 77312K, used 41483K [0x0000000080000000, 0x0000000084b80000, 0x00000000d5580000)
  object space 77312K, 53% used [0x0000000080000000,0x0000000082882e70,0x0000000084b80000)
 Metaspace       used 56935K, capacity 59084K, committed 59160K, reserved 1099776K
  class space    used 7712K, capacity 8181K, committed 8240K, reserved 1048576K
Event: 7.392 GC heap after
Heap after GC invocations=15 (full 3):
 PSYoungGen      total 240128K, used 0K [0x00000000d5580000, 0x00000000e5300000, 0x0000000100000000)
  eden space 221184K, 0% used [0x00000000d5580000,0x00000000d5580000,0x00000000e2d80000)
  from space 18944K, 0% used [0x00000000e4000000,0x00000000e4000000,0x00000000e5280000)
  to   space 18944K, 0% used [0x00000000e2d80000,0x00000000e2d80000,0x00000000e4000000)
 ParOldGen       total 116224K, used 31711K [0x0000000080000000, 0x0000000087180000, 0x00000000d5580000)
  object space 116224K, 27% used [0x0000000080000000,0x0000000081ef7c00,0x0000000087180000)
 Metaspace       used 56925K, capacity 59054K, committed 59160K, reserved 1099776K
  class space    used 7709K, capacity 8176K, committed 8240K, reserved 1048576K
}
Event: 9.704 GC heap before
{Heap before GC invocations=16 (full 3):
 PSYoungGen      total 240128K, used 221184K [0x00000000d5580000, 0x00000000e5300000, 0x0000000100000000)
  eden space 221184K, 100% used [0x00000000d5580000,0x00000000e2d80000,0x00000000e2d80000)
  from space 18944K, 0% used [0x00000000e4000000,0x00000000e4000000,0x00000000e5280000)
  to   space 18944K, 0% used [0x00000000e2d80000,0x00000000e2d80000,0x00000000e4000000)
 ParOldGen       total 116224K, used 31711K [0x0000000080000000, 0x0000000087180000, 0x00000000d5580000)
  object space 116224K, 27% used [0x0000000080000000,0x0000000081ef7c00,0x0000000087180000)
 Metaspace       used 66266K, capacity 69120K, committed 69400K, reserved 1110016K
  class space    used 9089K, capacity 9653K, committed 9776K, reserved 1048576K
Event: 9.725 GC heap after
Heap after GC invocations=16 (full 3):
 PSYoungGen      total 240128K, used 18920K [0x00000000d5580000, 0x00000000e8c00000, 0x0000000100000000)
  eden space 221184K, 0% used [0x00000000d5580000,0x00000000d5580000,0x00000000e2d80000)
  from space 18944K, 99% used [0x00000000e2d80000,0x00000000e3ffa3d0,0x00000000e4000000)
  to   space 22016K, 0% used [0x00000000e7680000,0x00000000e7680000,0x00000000e8c00000)
 ParOldGen       total 116224K, used 32386K [0x0000000080000000, 0x0000000087180000, 0x00000000d5580000)
  object space 116224K, 27% used [0x0000000080000000,0x0000000081fa0b88,0x0000000087180000)
 Metaspace       used 66266K, capacity 69120K, committed 69400K, reserved 1110016K
  class space    used 9089K, capacity 9653K, committed 9776K, reserved 1048576K
}
Event: 11.410 GC heap before
{Heap before GC invocations=17 (full 3):
 PSYoungGen      total 240128K, used 240104K [0x00000000d5580000, 0x00000000e8c00000, 0x0000000100000000)
  eden space 221184K, 100% used [0x00000000d5580000,0x00000000e2d80000,0x00000000e2d80000)
  from space 18944K, 99% used [0x00000000e2d80000,0x00000000e3ffa3d0,0x00000000e4000000)
  to   space 22016K, 0% used [0x00000000e7680000,0x00000000e7680000,0x00000000e8c00000)
 ParOldGen       total 116224K, used 32386K [0x0000000080000000, 0x0000000087180000, 0x00000000d5580000)
  object space 116224K, 27% used [0x0000000080000000,0x0000000081fa0b88,0x0000000087180000)
 Metaspace       used 75108K, capacity 78428K, committed 78616K, reserved 1116160K
  class space    used 10386K, capacity 11003K, committed 11056K, reserved 1048576K
Event: 11.461 GC heap after
Heap after GC invocations=17 (full 3):
 PSYoungGen      total 278528K, used 21997K [0x00000000d5580000, 0x00000000eb080000, 0x0000000100000000)
  eden space 256512K, 0% used [0x00000000d5580000,0x00000000d5580000,0x00000000e5000000)
  from space 22016K, 99% used [0x00000000e7680000,0x00000000e8bfb6e8,0x00000000e8c00000)
  to   space 39424K, 0% used [0x00000000e5000000,0x00000000e5000000,0x00000000e7680000)
 ParOldGen       total 116224K, used 70268K [0x0000000080000000, 0x0000000087180000, 0x00000000d5580000)
  object space 116224K, 60% used [0x0000000080000000,0x000000008449f258,0x0000000087180000)
 Metaspace       used 75108K, capacity 78428K, committed 78616K, reserved 1116160K
  class space    used 10386K, capacity 11003K, committed 11056K, reserved 1048576K
}

