# JRE version: OpenJDK Runtime Environment (8.0_242-b01) (build 1.8.0_242-release-1644-b01)
# Java VM: OpenJDK 64-Bit Server VM (25.242-b01 mixed mode windows-amd64 compressed oops)
Heap:
 PSYoungGen      total 292864K, used 206077K [0x00000000d5580000, 0x00000000e8d00000, 0x0000000100000000)
  eden space 266752K, 67% used [0x00000000d5580000,0x00000000e05401b8,0x00000000e5a00000)
  from space 26112K, 99% used [0x00000000e5a00000,0x00000000e737f4e0,0x00000000e7380000)
  to   space 20992K, 0% used [0x00000000e7480000,0x00000000e7480000,0x00000000e8900000)
 ParOldGen       total 116736K, used 62674K [0x0000000080000000, 0x0000000087200000, 0x00000000d5580000)
  object space 116736K, 53% used [0x0000000080000000,0x0000000083d34bf0,0x0000000087200000)
 Metaspace       used 91777K, capacity 96460K, committed 96792K, reserved 1132544K
  class space    used 12582K, capacity 13504K, committed 13616K, reserved 1048576K
GC Heap History (10 events):
Event: 7.583 GC heap before
{Heap before GC invocations=14 (full 2):
 PSYoungGen      total 183296K, used 51317K [0x00000000d5580000, 0x00000000e5080000, 0x0000000100000000)
  eden space 170496K, 22% used [0x00000000d5580000,0x00000000d7b241f0,0x00000000dfc00000)
  from space 12800K, 99% used [0x00000000dfc00000,0x00000000e08792c8,0x00000000e0880000)
  to   space 18944K, 0% used [0x00000000e3e00000,0x00000000e3e00000,0x00000000e5080000)
 ParOldGen       total 77312K, used 30201K [0x0000000080000000, 0x0000000084b80000, 0x00000000d5580000)
  object space 77312K, 39% used [0x0000000080000000,0x0000000081d7e618,0x0000000084b80000)
 Metaspace       used 56912K, capacity 59058K, committed 59160K, reserved 1099776K
  class space    used 7708K, capacity 8176K, committed 8240K, reserved 1048576K
Event: 7.596 GC heap after
Heap after GC invocations=14 (full 2):
 PSYoungGen      total 238592K, used 4860K [0x00000000d5580000, 0x00000000e5280000, 0x0000000100000000)
  eden space 219648K, 0% used [0x00000000d5580000,0x00000000d5580000,0x00000000e2c00000)
  from space 18944K, 25% used [0x00000000e3e00000,0x00000000e42bf268,0x00000000e5080000)
  to   space 18432K, 0% used [0x00000000e2c00000,0x00000000e2c00000,0x00000000e3e00000)
 ParOldGen       total 77312K, used 40808K [0x0000000080000000, 0x0000000084b80000, 0x00000000d5580000)
  object space 77312K, 52% used [0x0000000080000000,0x00000000827da1c8,0x0000000084b80000)
 Metaspace       used 56912K, capacity 59058K, committed 59160K, reserved 1099776K
  class space    used 7708K, capacity 8176K, committed 8240K, reserved 1048576K
}
Event: 7.596 GC heap before
{Heap before GC invocations=15 (full 3):
 PSYoungGen      total 238592K, used 4860K [0x00000000d5580000, 0x00000000e5280000, 0x0000000100000000)
  eden space 219648K, 0% used [0x00000000d5580000,0x00000000d5580000,0x00000000e2c00000)
  from space 18944K, 25% used [0x00000000e3e00000,0x00000000e42bf268,0x00000000e5080000)
  to   space 18432K, 0% used [0x00000000e2c00000,0x00000000e2c00000,0x00000000e3e00000)
 ParOldGen       total 77312K, used 40808K [0x0000000080000000, 0x0000000084b80000, 0x00000000d5580000)
  object space 77312K, 52% used [0x0000000080000000,0x00000000827da1c8,0x0000000084b80000)
 Metaspace       used 56912K, capacity 59058K, committed 59160K, reserved 1099776K
  class space    used 7708K, capacity 8176K, committed 8240K, reserved 1048576K
Event: 7.747 GC heap after
Heap after GC invocations=15 (full 3):
 PSYoungGen      total 238592K, used 0K [0x00000000d5580000, 0x00000000e5280000, 0x0000000100000000)
  eden space 219648K, 0% used [0x00000000d5580000,0x00000000d5580000,0x00000000e2c00000)
  from space 18944K, 0% used [0x00000000e3e00000,0x00000000e3e00000,0x00000000e5080000)
  to   space 18432K, 0% used [0x00000000e2c00000,0x00000000e2c00000,0x00000000e3e00000)
 ParOldGen       total 116736K, used 32274K [0x0000000080000000, 0x0000000087200000, 0x00000000d5580000)
  object space 116736K, 27% used [0x0000000080000000,0x0000000081f84a48,0x0000000087200000)
 Metaspace       used 56912K, capacity 59058K, committed 59160K, reserved 1099776K
  class space    used 7708K, capacity 8176K, committed 8240K, reserved 1048576K
}
Event: 10.236 GC heap before
{Heap before GC invocations=16 (full 3):
 PSYoungGen      total 238592K, used 219648K [0x00000000d5580000, 0x00000000e5280000, 0x0000000100000000)
  eden space 219648K, 100% used [0x00000000d5580000,0x00000000e2c00000,0x00000000e2c00000)
  from space 18944K, 0% used [0x00000000e3e00000,0x00000000e3e00000,0x00000000e5080000)
  to   space 18432K, 0% used [0x00000000e2c00000,0x00000000e2c00000,0x00000000e3e00000)
 ParOldGen       total 116736K, used 32274K [0x0000000080000000, 0x0000000087200000, 0x00000000d5580000)
  object space 116736K, 27% used [0x0000000080000000,0x0000000081f84a48,0x0000000087200000)
 Metaspace       used 67385K, capacity 70368K, committed 70552K, reserved 1110016K
  class space    used 9243K, capacity 9837K, committed 9904K, reserved 1048576K
Event: 10.259 GC heap after
Heap after GC invocations=16 (full 3):
 PSYoungGen      total 238080K, used 18022K [0x00000000d5580000, 0x00000000e8900000, 0x0000000100000000)
  eden space 219648K, 0% used [0x00000000d5580000,0x00000000d5580000,0x00000000e2c00000)
  from space 18432K, 97% used [0x00000000e2c00000,0x00000000e3d99858,0x00000000e3e00000)
  to   space 20992K, 0% used [0x00000000e7480000,0x00000000e7480000,0x00000000e8900000)
 ParOldGen       total 116736K, used 32282K [0x0000000080000000, 0x0000000087200000, 0x00000000d5580000)
  object space 116736K, 27% used [0x0000000080000000,0x0000000081f86a48,0x0000000087200000)
 Metaspace       used 67385K, capacity 70368K, committed 70552K, reserved 1110016K
  class space    used 9243K, capacity 9837K, committed 9904K, reserved 1048576K
}
Event: 13.627 GC heap before
{Heap before GC invocations=17 (full 3):
 PSYoungGen      total 238080K, used 237670K [0x00000000d5580000, 0x00000000e8900000, 0x0000000100000000)
  eden space 219648K, 100% used [0x00000000d5580000,0x00000000e2c00000,0x00000000e2c00000)
  from space 18432K, 97% used [0x00000000e2c00000,0x00000000e3d99858,0x00000000e3e00000)
  to   space 20992K, 0% used [0x00000000e7480000,0x00000000e7480000,0x00000000e8900000)
 ParOldGen       total 116736K, used 32282K [0x0000000080000000, 0x0000000087200000, 0x00000000d5580000)
  object space 116736K, 27% used [0x0000000080000000,0x0000000081f86a48,0x0000000087200000)
 Metaspace       used 73477K, capacity 76578K, committed 76952K, reserved 1116160K
  class space    used 9969K, capacity 10550K, committed 10672K, reserved 1048576K
Event: 13.645 GC heap after
Heap after GC invocations=17 (full 3):
 PSYoungGen      total 287744K, used 20971K [0x00000000d5580000, 0x00000000e8d00000, 0x0000000100000000)
  eden space 266752K, 0% used [0x00000000d5580000,0x00000000d5580000,0x00000000e5a00000)
  from space 20992K, 99% used [0x00000000e7480000,0x00000000e88fad88,0x00000000e8900000)
  to   space 26112K, 0% used [0x00000000e5a00000,0x00000000e5a00000,0x00000000e7380000)
 ParOldGen       total 116736K, used 37684K [0x0000000080000000, 0x0000000087200000, 0x00000000d5580000)
  object space 116736K, 32% used [0x0000000080000000,0x00000000824cd1c8,0x0000000087200000)
 Metaspace       used 73477K, capacity 76578K, committed 76952K, reserved 1116160K
  class space    used 9969K, capacity 10550K, committed 10672K, reserved 1048576K
}
Event: 21.801 GC heap before
{Heap before GC invocations=18 (full 3):
 PSYoungGen      total 287744K, used 287723K [0x00000000d5580000, 0x00000000e8d00000, 0x0000000100000000)
  eden space 266752K, 100% used [0x00000000d5580000,0x00000000e5a00000,0x00000000e5a00000)
  from space 20992K, 99% used [0x00000000e7480000,0x00000000e88fad88,0x00000000e8900000)
  to   space 26112K, 0% used [0x00000000e5a00000,0x00000000e5a00000,0x00000000e7380000)
 ParOldGen       total 116736K, used 37684K [0x0000000080000000, 0x0000000087200000, 0x00000000d5580000)
  object space 116736K, 32% used [0x0000000080000000,0x00000000824cd1c8,0x0000000087200000)
 Metaspace       used 81787K, capacity 85250K, committed 85528K, reserved 1122304K
  class space    used 11070K, capacity 11745K, committed 11824K, reserved 1048576K
Event: 21.893 GC heap after
Heap after GC invocations=18 (full 3):
 PSYoungGen      total 292864K, used 26109K [0x00000000d5580000, 0x00000000e8d00000, 0x0000000100000000)
  eden space 266752K, 0% used [0x00000000d5580000,0x00000000d5580000,0x00000000e5a00000)
  from space 26112K, 99% used [0x00000000e5a00000,0x00000000e737f4e0,0x00000000e7380000)
  to   space 20992K, 0% used [0x00000000e7480000,0x00000000e7480000,0x00000000e8900000)
 ParOldGen       total 116736K, used 62674K [0x0000000080000000, 0x0000000087200000, 0x00000000d5580000)
  object space 116736K, 53% used [0x0000000080000000,0x0000000083d34bf0,0x0000000087200000)
 Metaspace       used 81787K, capacity 85250K, committed 85528K, reserved 1122304K
  class space    used 11070K, capacity 11745K, committed 11824K, reserved 1048576K
}

