# JRE version: OpenJDK Runtime Environment (8.0_242-b01) (build 1.8.0_242-release-1644-b01)
# Java VM: OpenJDK 64-Bit Server VM (25.242-b01 mixed mode windows-amd64 compressed oops)
Heap:
 PSYoungGen      total 225792K, used 21088K [0x00000000d5580000, 0x00000000e5100000, 0x0000000100000000)
  eden space 207360K, 10% used [0x00000000d5580000,0x00000000d6a182d8,0x00000000e2000000)
  from space 18432K, 0% used [0x00000000e3380000,0x00000000e3380000,0x00000000e4580000)
  to   space 19968K, 0% used [0x00000000e2000000,0x00000000e2000000,0x00000000e3380000)
 ParOldGen       total 127488K, used 41900K [0x0000000080000000, 0x0000000087c80000, 0x00000000d5580000)
  object space 127488K, 32% used [0x0000000080000000,0x00000000828eb078,0x0000000087c80000)
 Metaspace       used 57657K, capacity 59886K, committed 60072K, reserved 1101824K
  class space    used 7845K, capacity 8290K, committed 8368K, reserved 1048576K
GC Heap History (10 events):
Event: 3.989 GC heap before
{Heap before GC invocations=11 (full 2):
 PSYoungGen      total 139776K, used 11261K [0x00000000d5580000, 0x00000000e1a80000, 0x0000000100000000)
  eden space 128512K, 0% used [0x00000000d5580000,0x00000000d5580000,0x00000000dd300000)
  from space 11264K, 99% used [0x00000000dd300000,0x00000000dddff520,0x00000000dde00000)
  to   space 12800K, 0% used [0x00000000e0e00000,0x00000000e0e00000,0x00000000e1a80000)
 ParOldGen       total 50176K, used 7356K [0x0000000080000000, 0x0000000083100000, 0x00000000d5580000)
  object space 50176K, 14% used [0x0000000080000000,0x000000008072f2f8,0x0000000083100000)
 Metaspace       used 34247K, capacity 35424K, committed 35496K, reserved 1079296K
  class space    used 4716K, capacity 5007K, committed 5040K, reserved 1048576K
Event: 4.081 GC heap after
Heap after GC invocations=11 (full 2):
 PSYoungGen      total 139776K, used 0K [0x00000000d5580000, 0x00000000e1a80000, 0x0000000100000000)
  eden space 128512K, 0% used [0x00000000d5580000,0x00000000d5580000,0x00000000dd300000)
  from space 11264K, 0% used [0x00000000dd300000,0x00000000dd300000,0x00000000dde00000)
  to   space 12800K, 0% used [0x00000000e0e00000,0x00000000e0e00000,0x00000000e1a80000)
 ParOldGen       total 79360K, used 17949K [0x0000000080000000, 0x0000000084d80000, 0x00000000d5580000)
  object space 79360K, 22% used [0x0000000080000000,0x0000000081187718,0x0000000084d80000)
 Metaspace       used 34247K, capacity 35424K, committed 35496K, reserved 1079296K
  class space    used 4716K, capacity 5007K, committed 5040K, reserved 1048576K
}
Event: 4.904 GC heap before
{Heap before GC invocations=12 (full 2):
 PSYoungGen      total 139776K, used 128512K [0x00000000d5580000, 0x00000000e1a80000, 0x0000000100000000)
  eden space 128512K, 100% used [0x00000000d5580000,0x00000000dd300000,0x00000000dd300000)
  from space 11264K, 0% used [0x00000000dd300000,0x00000000dd300000,0x00000000dde00000)
  to   space 12800K, 0% used [0x00000000e0e00000,0x00000000e0e00000,0x00000000e1a80000)
 ParOldGen       total 79360K, used 17949K [0x0000000080000000, 0x0000000084d80000, 0x00000000d5580000)
  object space 79360K, 22% used [0x0000000080000000,0x0000000081187718,0x0000000084d80000)
 Metaspace       used 38379K, capacity 39948K, committed 40232K, reserved 1083392K
  class space    used 5283K, capacity 5640K, committed 5680K, reserved 1048576K
Event: 4.911 GC heap after
Heap after GC invocations=12 (full 2):
 PSYoungGen      total 173568K, used 8080K [0x00000000d5580000, 0x00000000e1600000, 0x0000000100000000)
  eden space 165376K, 0% used [0x00000000d5580000,0x00000000d5580000,0x00000000df700000)
  from space 8192K, 98% used [0x00000000e0e00000,0x00000000e15e43a8,0x00000000e1600000)
  to   space 12800K, 0% used [0x00000000dfd00000,0x00000000dfd00000,0x00000000e0980000)
 ParOldGen       total 79360K, used 17957K [0x0000000080000000, 0x0000000084d80000, 0x00000000d5580000)
  object space 79360K, 22% used [0x0000000080000000,0x0000000081189718,0x0000000084d80000)
 Metaspace       used 38379K, capacity 39948K, committed 40232K, reserved 1083392K
  class space    used 5283K, capacity 5640K, committed 5680K, reserved 1048576K
}
Event: 6.560 GC heap before
{Heap before GC invocations=13 (full 2):
 PSYoungGen      total 173568K, used 173456K [0x00000000d5580000, 0x00000000e1600000, 0x0000000100000000)
  eden space 165376K, 100% used [0x00000000d5580000,0x00000000df700000,0x00000000df700000)
  from space 8192K, 98% used [0x00000000e0e00000,0x00000000e15e43a8,0x00000000e1600000)
  to   space 12800K, 0% used [0x00000000dfd00000,0x00000000dfd00000,0x00000000e0980000)
 ParOldGen       total 79360K, used 17957K [0x0000000080000000, 0x0000000084d80000, 0x00000000d5580000)
  object space 79360K, 22% used [0x0000000080000000,0x0000000081189718,0x0000000084d80000)
 Metaspace       used 52648K, capacity 54670K, committed 54824K, reserved 1097728K
  class space    used 6995K, capacity 7419K, committed 7472K, reserved 1048576K
Event: 6.582 GC heap after
Heap after GC invocations=13 (full 2):
 PSYoungGen      total 184320K, used 12780K [0x00000000d5580000, 0x00000000e4580000, 0x0000000100000000)
  eden space 171520K, 0% used [0x00000000d5580000,0x00000000d5580000,0x00000000dfd00000)
  from space 12800K, 99% used [0x00000000dfd00000,0x00000000e097b310,0x00000000e0980000)
  to   space 18432K, 0% used [0x00000000e3380000,0x00000000e3380000,0x00000000e4580000)
 ParOldGen       total 79360K, used 29229K [0x0000000080000000, 0x0000000084d80000, 0x00000000d5580000)
  object space 79360K, 36% used [0x0000000080000000,0x0000000081c8b5b8,0x0000000084d80000)
 Metaspace       used 52648K, capacity 54670K, committed 54824K, reserved 1097728K
  class space    used 6995K, capacity 7419K, committed 7472K, reserved 1048576K
}
Event: 7.045 GC heap before
{Heap before GC invocations=14 (full 2):
 PSYoungGen      total 184320K, used 55258K [0x00000000d5580000, 0x00000000e4580000, 0x0000000100000000)
  eden space 171520K, 24% used [0x00000000d5580000,0x00000000d7efb7f8,0x00000000dfd00000)
  from space 12800K, 99% used [0x00000000dfd00000,0x00000000e097b310,0x00000000e0980000)
  to   space 18432K, 0% used [0x00000000e3380000,0x00000000e3380000,0x00000000e4580000)
 ParOldGen       total 79360K, used 29229K [0x0000000080000000, 0x0000000084d80000, 0x00000000d5580000)
  object space 79360K, 36% used [0x0000000080000000,0x0000000081c8b5b8,0x0000000084d80000)
 Metaspace       used 56858K, capacity 59082K, committed 59160K, reserved 1099776K
  class space    used 7695K, capacity 8180K, committed 8240K, reserved 1048576K
Event: 7.060 GC heap after
Heap after GC invocations=14 (full 2):
 PSYoungGen      total 225792K, used 14958K [0x00000000d5580000, 0x00000000e5100000, 0x0000000100000000)
  eden space 207360K, 0% used [0x00000000d5580000,0x00000000d5580000,0x00000000e2000000)
  from space 18432K, 81% used [0x00000000e3380000,0x00000000e421b990,0x00000000e4580000)
  to   space 19968K, 0% used [0x00000000e2000000,0x00000000e2000000,0x00000000e3380000)
 ParOldGen       total 79360K, used 32751K [0x0000000080000000, 0x0000000084d80000, 0x00000000d5580000)
  object space 79360K, 41% used [0x0000000080000000,0x0000000081ffbee8,0x0000000084d80000)
 Metaspace       used 56858K, capacity 59082K, committed 59160K, reserved 1099776K
  class space    used 7695K, capacity 8180K, committed 8240K, reserved 1048576K
}
Event: 7.060 GC heap before
{Heap before GC invocations=15 (full 3):
 PSYoungGen      total 225792K, used 14958K [0x00000000d5580000, 0x00000000e5100000, 0x0000000100000000)
  eden space 207360K, 0% used [0x00000000d5580000,0x00000000d5580000,0x00000000e2000000)
  from space 18432K, 81% used [0x00000000e3380000,0x00000000e421b990,0x00000000e4580000)
  to   space 19968K, 0% used [0x00000000e2000000,0x00000000e2000000,0x00000000e3380000)
 ParOldGen       total 79360K, used 32751K [0x0000000080000000, 0x0000000084d80000, 0x00000000d5580000)
  object space 79360K, 41% used [0x0000000080000000,0x0000000081ffbee8,0x0000000084d80000)
 Metaspace       used 56858K, capacity 59082K, committed 59160K, reserved 1099776K
  class space    used 7695K, capacity 8180K, committed 8240K, reserved 1048576K
Event: 7.223 GC heap after
Heap after GC invocations=15 (full 3):
 PSYoungGen      total 225792K, used 0K [0x00000000d5580000, 0x00000000e5100000, 0x0000000100000000)
  eden space 207360K, 0% used [0x00000000d5580000,0x00000000d5580000,0x00000000e2000000)
  from space 18432K, 0% used [0x00000000e3380000,0x00000000e3380000,0x00000000e4580000)
  to   space 19968K, 0% used [0x00000000e2000000,0x00000000e2000000,0x00000000e3380000)
 ParOldGen       total 127488K, used 41900K [0x0000000080000000, 0x0000000087c80000, 0x00000000d5580000)
  object space 127488K, 32% used [0x0000000080000000,0x00000000828eb078,0x0000000087c80000)
 Metaspace       used 56849K, capacity 59052K, committed 59160K, reserved 1099776K
  class space    used 7692K, capacity 8175K, committed 8240K, reserved 1048576K
}

